<?xml version="1.0" encoding="UTF-8"?>
<!-- Generated by org.testng.reporters.JUnitReportReporter -->
<testsuite name="ProjectName.ModuleName.ValidateTitle" tests="1" time="0.083" ignored="0" failures="0" timestamp="23 Mar 2022 11:18:51 GMT" skipped="0" hostname="User-PC" errors="0">
  <testcase name="ValidateTitleQA" time="0.083" classname="ProjectName.ModuleName.ValidateTitle"/>
</testsuite> <!-- ProjectName.ModuleName.ValidateTitle -->
