<?xml version="1.0" encoding="UTF-8"?>
<!-- Generated by org.testng.reporters.JUnitReportReporter -->
<testsuite name="ProjectName.ModuleName.ValidateNavigation" tests="1" time="0.681" ignored="0" failures="0" timestamp="24 Mar 2022 10:30:06 GMT" skipped="0" hostname="User-PC" errors="0">
  <testcase name="basePageNavigation" time="0.681" classname="ProjectName.ModuleName.ValidateNavigation"/>
</testsuite> <!-- ProjectName.ModuleName.ValidateNavigation -->
