<?xml version="1.0" encoding="UTF-8"?>
<!-- Generated by org.testng.reporters.JUnitReportReporter -->
<testsuite name="ProjectName.ModuleName.HomePage" tests="1" time="9.458" ignored="0" failures="0" timestamp="24 Mar 2022 10:30:06 GMT" skipped="0" hostname="User-PC" errors="0">
  <testcase name="pageNavigation" time="9.458" classname="ProjectName.ModuleName.HomePage"/>
</testsuite> <!-- ProjectName.ModuleName.HomePage -->
