<?xml version="1.0" encoding="UTF-8"?>
<!-- Generated by org.testng.reporters.JUnitReportReporter -->
<testsuite name="ProjectName.ModuleName.ValidateTitle" tests="1" time="0.112" ignored="0" failures="0" timestamp="24 Mar 2022 10:30:06 GMT" skipped="0" hostname="User-PC" errors="0">
  <testcase name="ValidateTitleQA" time="0.112" classname="ProjectName.ModuleName.ValidateTitle"/>
</testsuite> <!-- ProjectName.ModuleName.ValidateTitle -->
